[18:36:06.571][INFO][CraftTweaker-EarlyInit]: CraftTweaker is running on a Minecraft 1.20.1 production server modded with platform Forge
[18:36:06.579][INFO][CraftTweaker-EarlyInit]: Successfully injected RecipeFS file system
[18:36:06.652][INFO][CraftTweaker-Plugins]: Successfully identified and loaded plugin farmersdelight:crafttweaker_plugin
[18:36:06.653][INFO][CraftTweaker-Plugins]: Successfully identified and loaded plugin refurbished_furniture:plugin
[18:36:06.662][INFO][CraftTweaker-Plugins]: Successfully identified and loaded plugin crafttweaker:builtin
[18:36:06.663][INFO][CraftTweaker-Plugins]: Successfully identified and loaded plugin crafttweaker:builtin_forge
[18:36:06.665][INFO][CraftTweaker-Plugins]: Successfully identified and loaded plugin createtweaker:main
[18:36:08.293][INFO][CraftTweaker]: The following mods have explicit CraftTweaker support through the default plugin:
[18:36:08.295][INFO][CraftTweaker]: - 'crafttweaker' at version '14.0.44'
[18:36:08.295][INFO][CraftTweaker]: - 'createtweaker' at version '4.0.13'
[18:36:08.295][INFO][CraftTweaker]: - 'farmersdelight' at version '1.20.1-1.2.5'
[18:36:08.295][INFO][CraftTweaker]: - 'refurbished_furniture' at version '1.0.8'
[18:36:15.260][INFO][CraftTweaker-ZenCode]: Started loading scripts for loader 'initialize'
[18:36:16.060][INFO][CraftTweaker-ZenCode]: Compiling and executing scripts
[18:36:16.098][INFO][CraftTweaker-ZenCode]: Successfully initialized modules [crafttweaker, expansions]
[18:36:16.233][INFO][CraftTweaker-ZenCode]: Execution for loader 'initialize' completed successfully
[18:36:45.136][INFO][CraftTweaker-ZenCode]: Started loading scripts for loader 'tags'
[18:36:45.198][INFO][CraftTweaker-ZenCode]: Compiling and executing scripts
[18:36:45.277][INFO][CraftTweaker-ZenCode]: Successfully initialized modules [crafttweaker, expansions]
[18:36:45.299][INFO][CraftTweaker-ZenCode]: Execution for loader 'tags' completed successfully
[18:36:46.398][INFO][CraftTweaker]: crafttweaker.reload.start
[18:36:46.402][INFO][CraftTweaker-ZenCode]: Started loading scripts for loader 'crafttweaker'
[18:36:46.432][INFO][CraftTweaker-ZenCode]: Compiling and executing scripts
[18:36:46.896][INFO][CraftTweaker-ZenCode]: Successfully initialized modules [mods, crafttweaker, expansions]
[18:36:46.909][INFO][CraftTweaker-ZenCode]: Execution for loader 'crafttweaker' completed successfully
[18:36:46.910][INFO][CraftTweaker]: crafttweaker.reload.complete
